# JRE version: OpenJDK Runtime Environment (15.0.2+7) (build 15.0.2+7)
# Java VM: OpenJDK 64-Bit Server VM (15.0.2+7, mixed mode, tiered, compressed oops, g1 gc, linux-amd64)
GC Precious Log:
 CPUs: 8 total, 8 available
 Memory: 7800M
 Large Page Support: Disabled
 NUMA Support: Disabled
 Compressed Oops: Enabled (32-bit)
 Heap Region Size: 1M
 Heap Min Capacity: 8M
 Heap Initial Capacity: 122M
 Heap Max Capacity: 1952M
 Pre-touch: Disabled
 Parallel Workers: 8
 Concurrent Workers: 2
 Concurrent Refinement Workers: 8
 Periodic GC: Disabled
Heap:
 garbage-first heap   total 191488K, used 150587K [0x0000000086000000, 0x0000000100000000)
  region size 1024K, 48 young (49152K), 5 survivors (5120K)
 Metaspace       used 28897K, capacity 29130K, committed 29568K, reserved 1075200K
  class space    used 3355K, capacity 3422K, committed 3456K, reserved 1048576K
GC Heap History (20 events):
Event: 1.153 GC heap before
{Heap before GC invocations=1 (full 0):
 garbage-first heap   total 124928K, used 55423K [0x0000000086000000, 0x0000000100000000)
  region size 1024K, 12 young (12288K), 3 survivors (3072K)
 Metaspace       used 16527K, capacity 16721K, committed 17024K, reserved 1064960K
  class space    used 1795K, capacity 1861K, committed 1920K, reserved 1048576K
}
Event: 1.156 GC heap after
{Heap after GC invocations=2 (full 0):
 garbage-first heap   total 124928K, used 48751K [0x0000000086000000, 0x0000000100000000)
  region size 1024K, 2 young (2048K), 2 survivors (2048K)
 Metaspace       used 16527K, capacity 16721K, committed 17024K, reserved 1064960K
  class space    used 1795K, capacity 1861K, committed 1920K, reserved 1048576K
}
Event: 1.229 GC heap before
{Heap before GC invocations=3 (full 0):
 garbage-first heap   total 124928K, used 63087K [0x0000000086000000, 0x0000000100000000)
  region size 1024K, 3 young (3072K), 2 survivors (2048K)
 Metaspace       used 16527K, capacity 16721K, committed 17024K, reserved 1064960K
  class space    used 1795K, capacity 1861K, committed 1920K, reserved 1048576K
}
Event: 1.231 GC heap after
{Heap after GC invocations=4 (full 0):
 garbage-first heap   total 124928K, used 63140K [0x0000000086000000, 0x0000000100000000)
  region size 1024K, 2 young (2048K), 2 survivors (2048K)
 Metaspace       used 16527K, capacity 16721K, committed 17024K, reserved 1064960K
  class space    used 1795K, capacity 1861K, committed 1920K, reserved 1048576K
}
Event: 1.292 GC heap before
{Heap before GC invocations=5 (full 0):
 garbage-first heap   total 132096K, used 77476K [0x0000000086000000, 0x0000000100000000)
  region size 1024K, 3 young (3072K), 2 survivors (2048K)
 Metaspace       used 16527K, capacity 16721K, committed 17024K, reserved 1064960K
  class space    used 1795K, capacity 1861K, committed 1920K, reserved 1048576K
}
Event: 1.294 GC heap after
{Heap after GC invocations=6 (full 0):
 garbage-first heap   total 132096K, used 77447K [0x0000000086000000, 0x0000000100000000)
  region size 1024K, 2 young (2048K), 2 survivors (2048K)
 Metaspace       used 16527K, capacity 16721K, committed 17024K, reserved 1064960K
  class space    used 1795K, capacity 1861K, committed 1920K, reserved 1048576K
}
Event: 1.478 GC heap before
{Heap before GC invocations=7 (full 0):
 garbage-first heap   total 155648K, used 121479K [0x0000000086000000, 0x0000000100000000)
  region size 1024K, 31 young (31744K), 2 survivors (2048K)
 Metaspace       used 17478K, capacity 17649K, committed 18176K, reserved 1064960K
  class space    used 1905K, capacity 1957K, committed 2048K, reserved 1048576K
}
Event: 1.480 GC heap after
{Heap after GC invocations=8 (full 0):
 garbage-first heap   total 155648K, used 92530K [0x0000000086000000, 0x0000000100000000)
  region size 1024K, 3 young (3072K), 3 survivors (3072K)
 Metaspace       used 17478K, capacity 17649K, committed 18176K, reserved 1064960K
  class space    used 1905K, capacity 1957K, committed 2048K, reserved 1048576K
}
Event: 2.006 GC heap before
{Heap before GC invocations=8 (full 0):
 garbage-first heap   total 155648K, used 120178K [0x0000000086000000, 0x0000000100000000)
  region size 1024K, 31 young (31744K), 3 survivors (3072K)
 Metaspace       used 25511K, capacity 25758K, committed 26240K, reserved 1073152K
  class space    used 3099K, capacity 3182K, committed 3200K, reserved 1048576K
}
Event: 2.010 GC heap after
{Heap after GC invocations=9 (full 0):
 garbage-first heap   total 155648K, used 95008K [0x0000000086000000, 0x0000000100000000)
  region size 1024K, 5 young (5120K), 5 survivors (5120K)
 Metaspace       used 25511K, capacity 25758K, committed 26240K, reserved 1073152K
  class space    used 3099K, capacity 3182K, committed 3200K, reserved 1048576K
}
Event: 4.938 GC heap before
{Heap before GC invocations=10 (full 0):
 garbage-first heap   total 165888K, used 104224K [0x0000000086000000, 0x0000000100000000)
  region size 1024K, 13 young (13312K), 5 survivors (5120K)
 Metaspace       used 27309K, capacity 27536K, committed 28032K, reserved 1073152K
  class space    used 3319K, capacity 3412K, committed 3456K, reserved 1048576K
}
Event: 4.945 GC heap after
{Heap after GC invocations=11 (full 0):
 garbage-first heap   total 165888K, used 97696K [0x0000000086000000, 0x0000000100000000)
  region size 1024K, 1 young (1024K), 1 survivors (1024K)
 Metaspace       used 27309K, capacity 27536K, committed 28032K, reserved 1073152K
  class space    used 3319K, capacity 3412K, committed 3456K, reserved 1048576K
}
Event: 9.888 GC heap before
{Heap before GC invocations=12 (full 0):
 garbage-first heap   total 179200K, used 108960K [0x0000000086000000, 0x0000000100000000)
  region size 1024K, 5 young (5120K), 1 survivors (1024K)
 Metaspace       used 27662K, capacity 27920K, committed 28544K, reserved 1075200K
  class space    used 3334K, capacity 3412K, committed 3456K, reserved 1048576K
}
Event: 9.890 GC heap after
{Heap after GC invocations=13 (full 0):
 garbage-first heap   total 179200K, used 105615K [0x0000000086000000, 0x0000000100000000)
  region size 1024K, 1 young (1024K), 1 survivors (1024K)
 Metaspace       used 27662K, capacity 27920K, committed 28544K, reserved 1075200K
  class space    used 3334K, capacity 3412K, committed 3456K, reserved 1048576K
}
Event: 35.767 GC heap before
{Heap before GC invocations=14 (full 0):
 garbage-first heap   total 191488K, used 116879K [0x0000000086000000, 0x0000000100000000)
  region size 1024K, 6 young (6144K), 1 survivors (1024K)
 Metaspace       used 28064K, capacity 28310K, committed 28800K, reserved 1075200K
  class space    used 3336K, capacity 3413K, committed 3456K, reserved 1048576K
}
Event: 35.769 GC heap after
{Heap after GC invocations=15 (full 0):
 garbage-first heap   total 191488K, used 103605K [0x0000000086000000, 0x0000000100000000)
  region size 1024K, 1 young (1024K), 1 survivors (1024K)
 Metaspace       used 28064K, capacity 28310K, committed 28800K, reserved 1075200K
  class space    used 3336K, capacity 3413K, committed 3456K, reserved 1048576K
}
Event: 51.016 GC heap before
{Heap before GC invocations=16 (full 0):
 garbage-first heap   total 191488K, used 115893K [0x0000000086000000, 0x0000000100000000)
  region size 1024K, 6 young (6144K), 1 survivors (1024K)
 Metaspace       used 28276K, capacity 28475K, committed 29056K, reserved 1075200K
  class space    used 3341K, capacity 3422K, committed 3456K, reserved 1048576K
}
Event: 51.018 GC heap after
{Heap after GC invocations=17 (full 0):
 garbage-first heap   total 191488K, used 105845K [0x0000000086000000, 0x0000000100000000)
  region size 1024K, 1 young (1024K), 1 survivors (1024K)
 Metaspace       used 28276K, capacity 28475K, committed 29056K, reserved 1075200K
  class space    used 3341K, capacity 3422K, committed 3456K, reserved 1048576K
}
Event: 8179.943 GC heap before
{Heap before GC invocations=18 (full 0):
 garbage-first heap   total 191488K, used 166261K [0x0000000086000000, 0x0000000100000000)
  region size 1024K, 54 young (55296K), 1 survivors (1024K)
 Metaspace       used 28852K, capacity 29062K, committed 29568K, reserved 1075200K
  class space    used 3355K, capacity 3422K, committed 3456K, reserved 1048576K
}
Event: 8179.970 GC heap after
{Heap after GC invocations=19 (full 0):
 garbage-first heap   total 191488K, used 107579K [0x0000000086000000, 0x0000000100000000)
  region size 1024K, 5 young (5120K), 5 survivors (5120K)
 Metaspace       used 28852K, capacity 29062K, committed 29568K, reserved 1075200K
  class space    used 3355K, capacity 3422K, committed 3456K, reserved 1048576K
}

